<?xml version="1.0" encoding="UTF-8"?>
<!-- Generated by org.testng.reporters.JUnitReportReporter -->
<testsuite name="com.learnautomation.testcases.LoginTestCRM" tests="1" time="7.105" ignored="0" failures="0" timestamp="07 Oct 2020 13:44:16 GMT" skipped="0" hostname="LAPTOP-ESCSDSCQ" errors="0">
  <testcase name="loginApp" time="7.105" classname="com.learnautomation.testcases.LoginTestCRM"/>
</testsuite> <!-- com.learnautomation.testcases.LoginTestCRM -->
